<?xml version="1.0" encoding="UTF-8"?>
<testng-results skipped="0" failed="1" ignored="0" total="9" passed="8">
  <reporter-output>
  </reporter-output>
  <suite name="Suite1" duration-ms="367141" started-at="2017-09-26T21:21:52Z" finished-at="2017-09-26T21:27:59Z">
    <groups>
    </groups>
    <test name="Test_Frenzy" duration-ms="367141" started-at="2017-09-26T21:21:52Z" finished-at="2017-09-26T21:27:59Z">
      <class name="Package_1.Test_Frenzy">
        <test-method status="PASS" signature="AbrirNavegador()[pri:0, instance:Package_1.Test_Frenzy@1efed156]" name="AbrirNavegador" duration-ms="5463" started-at="2017-09-26T15:21:52Z" description="Abrir El Navegador e ir a la URL" finished-at="2017-09-26T15:21:57Z">
          <reporter-output>
          </reporter-output>
        </test-method> <!-- AbrirNavegador -->
        <test-method status="PASS" signature="Login()[pri:0, instance:Package_1.Test_Frenzy@1efed156]" name="Login" duration-ms="3995" started-at="2017-09-26T15:21:57Z" description="Iniciar Sesión en Frenzy.com.gt" finished-at="2017-09-26T15:22:01Z">
          <reporter-output>
          </reporter-output>
        </test-method> <!-- Login -->
        <test-method status="PASS" signature="Navbar()[pri:0, instance:Package_1.Test_Frenzy@1efed156]" name="Navbar" duration-ms="13536" started-at="2017-09-26T15:22:01Z" description="Test de Botones del Navbar" finished-at="2017-09-26T15:22:15Z">
          <reporter-output>
          </reporter-output>
        </test-method> <!-- Navbar -->
        <test-method status="PASS" signature="buttonsHome()[pri:0, instance:Package_1.Test_Frenzy@1efed156]" name="buttonsHome" duration-ms="7317" started-at="2017-09-26T15:22:15Z" description="Test de Botones de la Pagina Principal:&#039;Go!&#039;,&#039;¿Donde Consigo El código de Promoción&#039; y &#039;¿Como gano y cambio Bits?&#039;" finished-at="2017-09-26T15:22:22Z">
          <reporter-output>
          </reporter-output>
        </test-method> <!-- buttonsHome -->
        <test-method status="PASS" signature="Categorias()[pri:0, instance:Package_1.Test_Frenzy@1efed156]" name="Categorias" duration-ms="142991" started-at="2017-09-26T15:22:22Z" description="Test de Las Categorias: &#039;Supermercado&#039;,&#039;Restaurantes&#039;,&#039;Moda&#039;,&#039;Entretenimiento&#039;,&#039;Electronicos&#039; y &#039;Otros&#039;. Test Socios y Paginas Web de Socios" finished-at="2017-09-26T15:24:45Z">
          <reporter-output>
          </reporter-output>
        </test-method> <!-- Categorias -->
        <test-method status="FAIL" signature="QueEsFrenzy()[pri:0, instance:Package_1.Test_Frenzy@1efed156]" name="QueEsFrenzy" duration-ms="31927" started-at="2017-09-26T15:24:45Z" description="Test Video de Frenzy" finished-at="2017-09-26T15:25:17Z">
          <exception class="org.openqa.selenium.TimeoutException">
            <message>
              <![CDATA[Expected condition failed: waiting for element to be clickable: By.xpath: //IMG[@class='imgVideoButton'] (tried for 30 second(s) with 500 MILLISECONDS interval)]]>
            </message>
            <full-stacktrace>
              <![CDATA[org.openqa.selenium.TimeoutException: Expected condition failed: waiting for element to be clickable: By.xpath: //IMG[@class='imgVideoButton'] (tried for 30 second(s) with 500 MILLISECONDS interval)
	at org.openqa.selenium.support.ui.WebDriverWait.timeoutException(WebDriverWait.java:80)
	at org.openqa.selenium.support.ui.FluentWait.until(FluentWait.java:232)
	at Package_1.Test_Frenzy.QueEsFrenzy(Unknown Source)
	at sun.reflect.NativeMethodAccessorImpl.invoke0(Native Method)
	at sun.reflect.NativeMethodAccessorImpl.invoke(NativeMethodAccessorImpl.java:62)
	at sun.reflect.DelegatingMethodAccessorImpl.invoke(DelegatingMethodAccessorImpl.java:43)
	at java.lang.reflect.Method.invoke(Method.java:498)
	at org.testng.internal.MethodInvocationHelper.invokeMethod(MethodInvocationHelper.java:108)
	at org.testng.internal.Invoker.invokeMethod(Invoker.java:669)
	at org.testng.internal.Invoker.invokeTestMethod(Invoker.java:877)
	at org.testng.internal.Invoker.invokeTestMethods(Invoker.java:1201)
	at org.testng.internal.TestMethodWorker.invokeTestMethods(TestMethodWorker.java:125)
	at org.testng.internal.TestMethodWorker.run(TestMethodWorker.java:109)
	at org.testng.TestRunner.privateRun(TestRunner.java:776)
	at org.testng.TestRunner.run(TestRunner.java:634)
	at org.testng.SuiteRunner.runTest(SuiteRunner.java:425)
	at org.testng.SuiteRunner.runSequentially(SuiteRunner.java:420)
	at org.testng.SuiteRunner.privateRun(SuiteRunner.java:385)
	at org.testng.SuiteRunner.run(SuiteRunner.java:334)
	at org.testng.SuiteRunnerWorker.runSuite(SuiteRunnerWorker.java:52)
	at org.testng.SuiteRunnerWorker.run(SuiteRunnerWorker.java:86)
	at org.testng.TestNG.runSuitesSequentially(TestNG.java:1318)
	at org.testng.TestNG.runSuitesLocally(TestNG.java:1243)
	at org.testng.TestNG.runSuites(TestNG.java:1161)
	at org.testng.TestNG.run(TestNG.java:1129)
	at org.testng.remote.AbstractRemoteTestNG.run(AbstractRemoteTestNG.java:114)
	at org.testng.remote.RemoteTestNG.initAndRun(RemoteTestNG.java:251)
	at org.testng.remote.RemoteTestNG.main(RemoteTestNG.java:77)
Caused by: org.openqa.selenium.NoSuchElementException: Cannot locate an element using By.xpath: //IMG[@class='imgVideoButton']
For documentation on this error, please visit: http://seleniumhq.org/exceptions/no_such_element.html
Build info: version: 'unknown', revision: 'unknown', time: 'unknown'
System info: host: 'COGNITS-1', ip: '192.168.50.37', os.name: 'Windows 10', os.arch: 'amd64', os.version: '10.0', java.version: '1.8.0_144'
Driver info: driver.version: unknown
	at org.openqa.selenium.support.ui.ExpectedConditions.lambda$findElement$0(ExpectedConditions.java:883)
	at java.util.Optional.orElseThrow(Optional.java:290)
	at org.openqa.selenium.support.ui.ExpectedConditions.findElement(ExpectedConditions.java:882)
	at org.openqa.selenium.support.ui.ExpectedConditions.access$000(ExpectedConditions.java:44)
	at org.openqa.selenium.support.ui.ExpectedConditions$7.apply(ExpectedConditions.java:206)
	at org.openqa.selenium.support.ui.ExpectedConditions$7.apply(ExpectedConditions.java:202)
	at org.openqa.selenium.support.ui.ExpectedConditions$22.apply(ExpectedConditions.java:644)
	at org.openqa.selenium.support.ui.ExpectedConditions$22.apply(ExpectedConditions.java:641)
	at org.openqa.selenium.support.ui.FluentWait.until(FluentWait.java:209)
	... 26 more
]]>
            </full-stacktrace>
          </exception> <!-- org.openqa.selenium.TimeoutException -->
          <reporter-output>
          </reporter-output>
        </test-method> <!-- QueEsFrenzy -->
        <test-method status="PASS" signature="Bits()[pri:0, instance:Package_1.Test_Frenzy@1efed156]" name="Bits" duration-ms="147637" started-at="2017-09-26T15:25:17Z" description="Test de Bits, Promociones y Botones" finished-at="2017-09-26T15:27:44Z">
          <reporter-output>
          </reporter-output>
        </test-method> <!-- Bits -->
        <test-method status="PASS" signature="Premios()[pri:0, instance:Package_1.Test_Frenzy@1efed156]" name="Premios" duration-ms="5436" started-at="2017-09-26T15:27:44Z" description="Test de Premios" finished-at="2017-09-26T15:27:50Z">
          <reporter-output>
          </reporter-output>
        </test-method> <!-- Premios -->
        <test-method status="PASS" signature="Buttons_PlayStore_and_AppStore()[pri:0, instance:Package_1.Test_Frenzy@1efed156]" name="Buttons_PlayStore_and_AppStore" duration-ms="8797" started-at="2017-09-26T15:27:50Z" description="Test de Botones de Google Play y AppStore" finished-at="2017-09-26T15:27:59Z">
          <reporter-output>
          </reporter-output>
        </test-method> <!-- Buttons_PlayStore_and_AppStore -->
      </class> <!-- Package_1.Test_Frenzy -->
    </test> <!-- Test_Frenzy -->
  </suite> <!-- Suite1 -->
</testng-results>
